Using pre-set license
Built from '2022.3/staging' branch; Version is '2022.3.47f1 (88c277b85d21) revision 8962679'; Using compiler version '192829333'; Build Type 'Release'
OS: 'Windows 11  (10.0.26200) 64bit Professional' Language: 'es' Physical Memory: 32465 MB
BatchMode: 1, IsHumanControllingUs: 0, StartBugReporterOnCrash: 0, Is64bit: 1, IsPro: 1

COMMAND LINE ARGUMENTS:
C:\Program Files\Unity\Hub\Editor\2022.3.47f1\Editor\Unity.exe
-adb2
-batchMode
-noUpm
-name
AssetImportWorker4
-projectPath
C:/Users/6003887/Documents/GitHub/FeatherNest
-logFile
Logs/AssetImportWorker4.log
-srvPort
57016
Successfully changed project path to: C:/Users/6003887/Documents/GitHub/FeatherNest
C:/Users/6003887/Documents/GitHub/FeatherNest
[UnityMemory] Configuration Parameters - Can be set up in boot.config
    "memorysetup-bucket-allocator-granularity=16"
    "memorysetup-bucket-allocator-bucket-count=8"
    "memorysetup-bucket-allocator-block-size=33554432"
    "memorysetup-bucket-allocator-block-count=8"
    "memorysetup-main-allocator-block-size=16777216"
    "memorysetup-thread-allocator-block-size=16777216"
    "memorysetup-gfx-main-allocator-block-size=16777216"
    "memorysetup-gfx-thread-allocator-block-size=16777216"
    "memorysetup-cache-allocator-block-size=4194304"
    "memorysetup-typetree-allocator-block-size=2097152"
    "memorysetup-profiler-bucket-allocator-granularity=16"
    "memorysetup-profiler-bucket-allocator-bucket-count=8"
    "memorysetup-profiler-bucket-allocator-block-size=33554432"
    "memorysetup-profiler-bucket-allocator-block-count=8"
    "memorysetup-profiler-allocator-block-size=16777216"
    "memorysetup-profiler-editor-allocator-block-size=1048576"
    "memorysetup-temp-allocator-size-main=16777216"
    "memorysetup-job-temp-allocator-block-size=2097152"
    "memorysetup-job-temp-allocator-block-size-background=1048576"
    "memorysetup-job-temp-allocator-reduction-small-platforms=262144"
    "memorysetup-allocator-temp-initial-block-size-main=262144"
    "memorysetup-allocator-temp-initial-block-size-worker=262144"
    "memorysetup-temp-allocator-size-background-worker=32768"
    "memorysetup-temp-allocator-size-job-worker=262144"
    "memorysetup-temp-allocator-size-preload-manager=33554432"
    "memorysetup-temp-allocator-size-nav-mesh-worker=65536"
    "memorysetup-temp-allocator-size-audio-worker=65536"
    "memorysetup-temp-allocator-size-cloud-worker=32768"
    "memorysetup-temp-allocator-size-gi-baking-worker=262144"
    "memorysetup-temp-allocator-size-gfx=262144"
Player connection [14008]  Target information:

Player connection [14008]  * "[IP] 192.168.56.1 [Port] 0 [Flags] 2 [Guid] 1494125309 [EditorId] 1494125309 [Version] 1048832 [Id] WindowsEditor(7,GM03HF4B) [Debug] 1 [PackageName] WindowsEditor [ProjectName] Editor" 

Player connection [14008]  * "[IP] 172.19.114.120 [Port] 0 [Flags] 2 [Guid] 1494125309 [EditorId] 1494125309 [Version] 1048832 [Id] WindowsEditor(7,GM03HF4B) [Debug] 1 [PackageName] WindowsEditor [ProjectName] Editor" 

Player connection [14008] Host joined multi-casting on [225.0.0.222:54997]...
Player connection [14008] Host joined alternative multi-casting on [225.0.0.222:34997]...
[PhysX] Initialized MultithreadedTaskDispatcher with 16 workers.
Refreshing native plugins compatible for Editor in 53.53 ms, found 4 plugins.
Preloading 0 native plugins for Editor in 0.00 ms.
Initialize engine version: 2022.3.47f1 (88c277b85d21)
[Subsystems] Discovering subsystems at path C:/Program Files/Unity/Hub/Editor/2022.3.47f1/Editor/Data/Resources/UnitySubsystems
[Subsystems] Discovering subsystems at path C:/Users/6003887/Documents/GitHub/FeatherNest/Assets
GfxDevice: creating device client; threaded=0; jobified=0
Direct3D:
    Version:  Direct3D 11.0 [level 11.1]
    Renderer: Intel(R) Iris(R) Xe Graphics (ID=0x46a6)
    Vendor:   Intel
    VRAM:     16232 MB
    Driver:   32.0.101.7082
Initialize mono
Mono path[0] = 'C:/Program Files/Unity/Hub/Editor/2022.3.47f1/Editor/Data/Managed'
Mono path[1] = 'C:/Program Files/Unity/Hub/Editor/2022.3.47f1/Editor/Data/MonoBleedingEdge/lib/mono/unityjit-win32'
Mono config path = 'C:/Program Files/Unity/Hub/Editor/2022.3.47f1/Editor/Data/MonoBleedingEdge/etc'
Using monoOptions --debugger-agent=transport=dt_socket,embedding=1,server=y,suspend=n,address=127.0.0.1:56648
Begin MonoManager ReloadAssembly
Registering precompiled unity dll's ...
Register platform support module: C:/Program Files/Unity/Hub/Editor/2022.3.47f1/Editor/Data/PlaybackEngines/WindowsStandaloneSupport/UnityEditor.WindowsStandalone.Extensions.dll
Registered in 0.014089 seconds.
- Loaded All Assemblies, in  0.545 seconds
Native extension for WindowsStandalone target not found
Mono: successfully reloaded assembly
- Finished resetting the current domain, in  0.469 seconds
Domain Reload Profiling: 1010ms
	BeginReloadAssembly (175ms)
		ExecutionOrderSort (0ms)
		DisableScriptedObjects (0ms)
		BackupInstance (0ms)
		ReleaseScriptingObjects (0ms)
		CreateAndSetChildDomain (1ms)
	RebuildCommonClasses (49ms)
	RebuildNativeTypeToScriptingClass (13ms)
	initialDomainReloadingComplete (99ms)
	LoadAllAssembliesAndSetupDomain (203ms)
		LoadAssemblies (170ms)
		RebuildTransferFunctionScriptingTraits (0ms)
		AnalyzeDomain (200ms)
			TypeCache.Refresh (198ms)
				TypeCache.ScanAssembly (179ms)
			ScanForSourceGeneratedMonoScriptInfo (0ms)
			ResolveRequiredComponents (1ms)
	FinalizeReload (470ms)
		ReleaseScriptCaches (0ms)
		RebuildScriptCaches (0ms)
		SetupLoadedEditorAssemblies (396ms)
			LogAssemblyErrors (0ms)
			InitializePlatformSupportModulesInManaged (15ms)
			SetLoadedEditorAssemblies (13ms)
			RefreshPlugins (0ms)
			BeforeProcessingInitializeOnLoad (3ms)
			ProcessInitializeOnLoadAttributes (268ms)
			ProcessInitializeOnLoadMethodAttributes (97ms)
			AfterProcessingInitializeOnLoad (0ms)
			EditorAssembliesLoaded (0ms)
		ExecutionOrderSort2 (0ms)
		AwakeInstancesAfterBackupRestoration (0ms)
========================================================================
Worker process is ready to serve import requests
Caller must complete domain reload
Begin MonoManager ReloadAssembly
- Loaded All Assemblies, in  1.308 seconds
Native extension for WindowsStandalone target not found
Mono: successfully reloaded assembly
- Finished resetting the current domain, in  1.128 seconds
Domain Reload Profiling: 2424ms
	BeginReloadAssembly (351ms)
		ExecutionOrderSort (0ms)
		DisableScriptedObjects (12ms)
		BackupInstance (0ms)
		ReleaseScriptingObjects (0ms)
		CreateAndSetChildDomain (36ms)
	RebuildCommonClasses (64ms)
	RebuildNativeTypeToScriptingClass (18ms)
	initialDomainReloadingComplete (101ms)
	LoadAllAssembliesAndSetupDomain (761ms)
		LoadAssemblies (719ms)
		RebuildTransferFunctionScriptingTraits (0ms)
		AnalyzeDomain (265ms)
			TypeCache.Refresh (225ms)
				TypeCache.ScanAssembly (202ms)
			ScanForSourceGeneratedMonoScriptInfo (31ms)
			ResolveRequiredComponents (8ms)
	FinalizeReload (1129ms)
		ReleaseScriptCaches (0ms)
		RebuildScriptCaches (0ms)
		SetupLoadedEditorAssemblies (894ms)
			LogAssemblyErrors (0ms)
			InitializePlatformSupportModulesInManaged (12ms)
			SetLoadedEditorAssemblies (8ms)
			RefreshPlugins (0ms)
			BeforeProcessingInitializeOnLoad (135ms)
			ProcessInitializeOnLoadAttributes (667ms)
			ProcessInitializeOnLoadMethodAttributes (55ms)
			AfterProcessingInitializeOnLoad (16ms)
			EditorAssembliesLoaded (0ms)
		ExecutionOrderSort2 (0ms)
		AwakeInstancesAfterBackupRestoration (13ms)
Launched and connected shader compiler UnityShaderCompiler.exe after 0.20 seconds
Refreshing native plugins compatible for Editor in 20.33 ms, found 4 plugins.
Preloading 0 native plugins for Editor in 0.00 ms.
Unloading 4086 Unused Serialized files (Serialized files now loaded: 0)
Unloading 38 unused Assets / (241.4 KB). Loaded Objects now: 4565.
Memory consumption went from 150.3 MB to 150.0 MB.
Total: 6.032600 ms (FindLiveObjects: 0.335000 ms CreateObjectMapping: 0.188500 ms MarkObjects: 5.176800 ms  DeleteObjects: 0.298700 ms)

AssetImportParameters requested are different than current active one (requested -> active):
  custom:container-demuxer-ogg: 62fdf1f143b41e24485cea50d1cbac27 -> 
  custom:video-codec-MediaFoundation-h265: 746d11721c4dcdbdad8f713fa42b33f4 -> 
  custom:video-decoder-ogg-theora: a1e56fd34408186e4bbccfd4996cb3dc -> 
  custom:framework-win-MediaFoundation: 216162199b28c13a410421893ffa2e32 -> 
  custom:CustomObjectIndexerAttribute: 9a22284fe3817be447336de3de66b15e -> 
  custom:container-demuxer-webm: 4f35f7cbe854078d1ac9338744f61a02 -> 
  custom:container-muxer-webm: aa71ff27fc2769a1b78a27578f13a17b -> 
  custom:video-decoder-webm-vp8: 9c59270c3fd7afecdb556c50c9e8de78 -> 
  custom:SearchIndexIgnoredProperties: e643bd26f0fe6173181afceb89e7c659 -> 
  custom:AudioImporter_EditorPlatform: d09bf68614088b80899f8185d706f6e7 -> 
  custom:video-encoder-webm-vp8: eb34c28f22e8b96e1ab97ce403110664 -> 
  custom:audio-decoder-ogg-vorbis: bf7c407c2cedff20999df2af8eb42d56 -> 
  custom:audio-encoder-webm-vorbis: bf7c407c2cedff20999df2af8eb42d56 -> 
========================================================================
Received Import Request.
  Time since last request: 1568413.746020 seconds.
  path: Assets/TilesDescargados/Pixel Art Top Down - Basic v1.2.3/Texture/Estructuras/TX Struct_105.asset
  artifactKey: Guid(4a81780b9dbc5554cb77aa7969325b9d) Importer(815301076,1909f56bfc062723c751e8b465ee728b)
Start importing Assets/TilesDescargados/Pixel Art Top Down - Basic v1.2.3/Texture/Estructuras/TX Struct_105.asset using Guid(4a81780b9dbc5554cb77aa7969325b9d) Importer(815301076,1909f56bfc062723c751e8b465ee728b) [PhysX] Initialized MultithreadedTaskDispatcher with 16 workers.
 -> (artifact id: '5c6df78c7d7242a0efbabc50fcae49fe') in 0.110794 seconds
Number of updated asset objects reloaded before import = 0
Number of asset objects unloaded after import = 3
========================================================================
Received Import Request.
  Time since last request: 4.744822 seconds.
  path: Assets/TilesDescargados/Pixel Art Top Down - Basic v1.2.3/Texture/Paredes
  artifactKey: Guid(bae92ef0f812df041abf581b0d05b0da) Importer(815301076,1909f56bfc062723c751e8b465ee728b)
Start importing Assets/TilesDescargados/Pixel Art Top Down - Basic v1.2.3/Texture/Paredes using Guid(bae92ef0f812df041abf581b0d05b0da) Importer(815301076,1909f56bfc062723c751e8b465ee728b) [PhysX] Initialized MultithreadedTaskDispatcher with 16 workers.
 -> (artifact id: '1259ce7365fc472d28abbd2743d7753a') in 0.001138 seconds
Number of updated asset objects reloaded before import = 0
Number of asset objects unloaded after import = 0
========================================================================
Received Import Request.
  Time since last request: 0.773117 seconds.
  path: Assets/TilesDescargados/Pixel Art Top Down - Basic v1.2.3/Texture/Paredes/Paredes.prefab
  artifactKey: Guid(3988107852b8a9442bdc0dd906362773) Importer(815301076,1909f56bfc062723c751e8b465ee728b)
Start importing Assets/TilesDescargados/Pixel Art Top Down - Basic v1.2.3/Texture/Paredes/Paredes.prefab using Guid(3988107852b8a9442bdc0dd906362773) Importer(815301076,1909f56bfc062723c751e8b465ee728b) [PhysX] Initialized MultithreadedTaskDispatcher with 16 workers.
[PhysX] Initialized MultithreadedTaskDispatcher with 16 workers.
 -> (artifact id: '63661e0f062db6e3d8d21ac1b82828e1') in 0.175314 seconds
Number of updated asset objects reloaded before import = 0
Number of asset objects unloaded after import = 168
========================================================================
Received Import Request.
  Time since last request: 0.000038 seconds.
  path: Assets/TilesDescargados/Pixel Art Top Down - Basic v1.2.3/Texture/Paredes/TX Tileset Wall_24.asset
  artifactKey: Guid(01604559f6c34c442b9203003e6d2b8b) Importer(815301076,1909f56bfc062723c751e8b465ee728b)
Start importing Assets/TilesDescargados/Pixel Art Top Down - Basic v1.2.3/Texture/Paredes/TX Tileset Wall_24.asset using Guid(01604559f6c34c442b9203003e6d2b8b) Importer(815301076,1909f56bfc062723c751e8b465ee728b) [PhysX] Initialized MultithreadedTaskDispatcher with 16 workers.
 -> (artifact id: '9f8039994e912157c8bcf4529ca25c99') in 0.018905 seconds
Number of updated asset objects reloaded before import = 0
Number of asset objects unloaded after import = 3
========================================================================
Received Import Request.
  Time since last request: 0.000044 seconds.
  path: Assets/TilesDescargados/Pixel Art Top Down - Basic v1.2.3/Texture/Paredes/TX Tileset Wall_45.asset
  artifactKey: Guid(93f37d5f9d61dbf4385d67b5edd58632) Importer(815301076,1909f56bfc062723c751e8b465ee728b)
Start importing Assets/TilesDescargados/Pixel Art Top Down - Basic v1.2.3/Texture/Paredes/TX Tileset Wall_45.asset using Guid(93f37d5f9d61dbf4385d67b5edd58632) Importer(815301076,1909f56bfc062723c751e8b465ee728b) [PhysX] Initialized MultithreadedTaskDispatcher with 16 workers.
 -> (artifact id: '7ca6ece579f10a40e24063978c2b3049') in 0.016770 seconds
Number of updated asset objects reloaded before import = 0
Number of asset objects unloaded after import = 3
========================================================================
Received Import Request.
  Time since last request: 0.000029 seconds.
  path: Assets/TilesDescargados/Pixel Art Top Down - Basic v1.2.3/Texture/Paredes/TX Tileset Wall_34.asset
  artifactKey: Guid(16f4430589deca044ab482953f8266ea) Importer(815301076,1909f56bfc062723c751e8b465ee728b)
Start importing Assets/TilesDescargados/Pixel Art Top Down - Basic v1.2.3/Texture/Paredes/TX Tileset Wall_34.asset using Guid(16f4430589deca044ab482953f8266ea) Importer(815301076,1909f56bfc062723c751e8b465ee728b) [PhysX] Initialized MultithreadedTaskDispatcher with 16 workers.
 -> (artifact id: '16aacb69961b58e8867e5bc844e550a6') in 0.014429 seconds
Number of updated asset objects reloaded before import = 0
Number of asset objects unloaded after import = 3
========================================================================
Received Import Request.
  Time since last request: 0.000050 seconds.
  path: Assets/TilesDescargados/Pixel Art Top Down - Basic v1.2.3/Texture/Paredes/TX Tileset Wall_55.asset
  artifactKey: Guid(7638186311dea4844a5c742db8b14e48) Importer(815301076,1909f56bfc062723c751e8b465ee728b)
Start importing Assets/TilesDescargados/Pixel Art Top Down - Basic v1.2.3/Texture/Paredes/TX Tileset Wall_55.asset using Guid(7638186311dea4844a5c742db8b14e48) Importer(815301076,1909f56bfc062723c751e8b465ee728b) [PhysX] Initialized MultithreadedTaskDispatcher with 16 workers.
 -> (artifact id: '7549e69ed6de7a89bacf91a0aded6c93') in 0.017119 seconds
Number of updated asset objects reloaded before import = 0
Number of asset objects unloaded after import = 3
========================================================================
Received Import Request.
  Time since last request: 0.000051 seconds.
  path: Assets/TilesDescargados/Pixel Art Top Down - Basic v1.2.3/Texture/Paredes/TX Tileset Wall_10.asset
  artifactKey: Guid(06de60d036091854faff38f27deb9f41) Importer(815301076,1909f56bfc062723c751e8b465ee728b)
Start importing Assets/TilesDescargados/Pixel Art Top Down - Basic v1.2.3/Texture/Paredes/TX Tileset Wall_10.asset using Guid(06de60d036091854faff38f27deb9f41) Importer(815301076,1909f56bfc062723c751e8b465ee728b) [PhysX] Initialized MultithreadedTaskDispatcher with 16 workers.
 -> (artifact id: '1e4a746aabcdcaa270cd225195bc9ffb') in 0.013428 seconds
Number of updated asset objects reloaded before import = 0
Number of asset objects unloaded after import = 3
========================================================================
Received Import Request.
  Time since last request: 0.000032 seconds.
  path: Assets/TilesDescargados/Pixel Art Top Down - Basic v1.2.3/Texture/Paredes/TX Tileset Wall_6.asset
  artifactKey: Guid(ffaf3c98799210e4cab8032cbcb89e0d) Importer(815301076,1909f56bfc062723c751e8b465ee728b)
Start importing Assets/TilesDescargados/Pixel Art Top Down - Basic v1.2.3/Texture/Paredes/TX Tileset Wall_6.asset using Guid(ffaf3c98799210e4cab8032cbcb89e0d) Importer(815301076,1909f56bfc062723c751e8b465ee728b) [PhysX] Initialized MultithreadedTaskDispatcher with 16 workers.
 -> (artifact id: 'd0c841b077457f4bec6c3c351e90d0ff') in 0.016351 seconds
Number of updated asset objects reloaded before import = 0
Number of asset objects unloaded after import = 3
========================================================================
Received Import Request.
  Time since last request: 0.000042 seconds.
  path: Assets/TilesDescargados/Pixel Art Top Down - Basic v1.2.3/Texture/Paredes/TX Tileset Wall_25.asset
  artifactKey: Guid(b7a54a8f6a847804192ef04481c1394c) Importer(815301076,1909f56bfc062723c751e8b465ee728b)
Start importing Assets/TilesDescargados/Pixel Art Top Down - Basic v1.2.3/Texture/Paredes/TX Tileset Wall_25.asset using Guid(b7a54a8f6a847804192ef04481c1394c) Importer(815301076,1909f56bfc062723c751e8b465ee728b) [PhysX] Initialized MultithreadedTaskDispatcher with 16 workers.
 -> (artifact id: 'f4da7b4fcf6af1c04040011cf4dcc859') in 0.018254 seconds
Number of updated asset objects reloaded before import = 0
Number of asset objects unloaded after import = 3
========================================================================
Received Import Request.
  Time since last request: 0.000034 seconds.
  path: Assets/TilesDescargados/Pixel Art Top Down - Basic v1.2.3/Texture/Paredes/TX Tileset Wall_8.asset
  artifactKey: Guid(1d1cb836c7d2a12479687e1972d7e2aa) Importer(815301076,1909f56bfc062723c751e8b465ee728b)
Start importing Assets/TilesDescargados/Pixel Art Top Down - Basic v1.2.3/Texture/Paredes/TX Tileset Wall_8.asset using Guid(1d1cb836c7d2a12479687e1972d7e2aa) Importer(815301076,1909f56bfc062723c751e8b465ee728b) [PhysX] Initialized MultithreadedTaskDispatcher with 16 workers.
 -> (artifact id: '67bb826b9987cd06e0119a9444724da6') in 0.017553 seconds
Number of updated asset objects reloaded before import = 0
Number of asset objects unloaded after import = 3
========================================================================
Received Import Request.
  Time since last request: 0.000102 seconds.
  path: Assets/TilesDescargados/Pixel Art Top Down - Basic v1.2.3/Texture/Paredes/TX Tileset Wall_48.asset
  artifactKey: Guid(08b8c57a2e9d8114998d1ff47695877a) Importer(815301076,1909f56bfc062723c751e8b465ee728b)
Start importing Assets/TilesDescargados/Pixel Art Top Down - Basic v1.2.3/Texture/Paredes/TX Tileset Wall_48.asset using Guid(08b8c57a2e9d8114998d1ff47695877a) Importer(815301076,1909f56bfc062723c751e8b465ee728b) [PhysX] Initialized MultithreadedTaskDispatcher with 16 workers.
 -> (artifact id: '5a27721fbeae389f38d890ef6ab97dce') in 0.018415 seconds
Number of updated asset objects reloaded before import = 0
Number of asset objects unloaded after import = 3
========================================================================
Received Import Request.
  Time since last request: 0.000027 seconds.
  path: Assets/TilesDescargados/Pixel Art Top Down - Basic v1.2.3/Texture/Paredes/TX Tileset Wall_7.asset
  artifactKey: Guid(1df5b68e610ba3d43bc587874222f9a8) Importer(815301076,1909f56bfc062723c751e8b465ee728b)
Start importing Assets/TilesDescargados/Pixel Art Top Down - Basic v1.2.3/Texture/Paredes/TX Tileset Wall_7.asset using Guid(1df5b68e610ba3d43bc587874222f9a8) Importer(815301076,1909f56bfc062723c751e8b465ee728b) [PhysX] Initialized MultithreadedTaskDispatcher with 16 workers.
 -> (artifact id: '528b29c46072bfcdd3c971c8b26bd276') in 0.017210 seconds
Number of updated asset objects reloaded before import = 0
Number of asset objects unloaded after import = 3
========================================================================
Received Import Request.
  Time since last request: 0.000031 seconds.
  path: Assets/TilesDescargados/Pixel Art Top Down - Basic v1.2.3/Texture/Paredes/TX Tileset Wall_36.asset
  artifactKey: Guid(faf5d7a49488bdf40becf79b083a7096) Importer(815301076,1909f56bfc062723c751e8b465ee728b)
Start importing Assets/TilesDescargados/Pixel Art Top Down - Basic v1.2.3/Texture/Paredes/TX Tileset Wall_36.asset using Guid(faf5d7a49488bdf40becf79b083a7096) Importer(815301076,1909f56bfc062723c751e8b465ee728b) [PhysX] Initialized MultithreadedTaskDispatcher with 16 workers.
 -> (artifact id: 'f5d212061cba74b2cbf71bad1cc171e2') in 0.014038 seconds
Number of updated asset objects reloaded before import = 0
Number of asset objects unloaded after import = 3
========================================================================
Received Import Request.
  Time since last request: 0.000042 seconds.
  path: Assets/TilesDescargados/Pixel Art Top Down - Basic v1.2.3/Texture/Paredes/TX Tileset Wall_20.asset
  artifactKey: Guid(c1d3618c2224c6742a85bdab5457c04f) Importer(815301076,1909f56bfc062723c751e8b465ee728b)
Start importing Assets/TilesDescargados/Pixel Art Top Down - Basic v1.2.3/Texture/Paredes/TX Tileset Wall_20.asset using Guid(c1d3618c2224c6742a85bdab5457c04f) Importer(815301076,1909f56bfc062723c751e8b465ee728b) [PhysX] Initialized MultithreadedTaskDispatcher with 16 workers.
 -> (artifact id: '4276a88c305bbfc3e45de6c4b6237b36') in 0.018313 seconds
Number of updated asset objects reloaded before import = 0
Number of asset objects unloaded after import = 3
========================================================================
Received Import Request.
  Time since last request: 0.000042 seconds.
  path: Assets/TilesDescargados/Pixel Art Top Down - Basic v1.2.3/Texture/Paredes/TX Tileset Wall_28.asset
  artifactKey: Guid(7749de80484198a418eefda97b3b471b) Importer(815301076,1909f56bfc062723c751e8b465ee728b)
Start importing Assets/TilesDescargados/Pixel Art Top Down - Basic v1.2.3/Texture/Paredes/TX Tileset Wall_28.asset using Guid(7749de80484198a418eefda97b3b471b) Importer(815301076,1909f56bfc062723c751e8b465ee728b) [PhysX] Initialized MultithreadedTaskDispatcher with 16 workers.
 -> (artifact id: 'f87963bb36a80e60e1f2d861b4289b80') in 0.014840 seconds
Number of updated asset objects reloaded before import = 0
Number of asset objects unloaded after import = 3
========================================================================
Received Import Request.
  Time since last request: 0.426783 seconds.
  path: Assets/TilesDescargados/Pixel Art Top Down - Basic v1.2.3/Texture/Paredes/TX Tileset Wall_60.asset
  artifactKey: Guid(0e0d56a6c5669e64bb35b12532acd742) Importer(815301076,1909f56bfc062723c751e8b465ee728b)
Start importing Assets/TilesDescargados/Pixel Art Top Down - Basic v1.2.3/Texture/Paredes/TX Tileset Wall_60.asset using Guid(0e0d56a6c5669e64bb35b12532acd742) Importer(815301076,1909f56bfc062723c751e8b465ee728b) [PhysX] Initialized MultithreadedTaskDispatcher with 16 workers.
 -> (artifact id: '0f18f39b4f61e5882c1714522fa26209') in 0.016405 seconds
Number of updated asset objects reloaded before import = 0
Number of asset objects unloaded after import = 3
========================================================================
Received Import Request.
  Time since last request: 4.070172 seconds.
  path: Assets/TilesDescargados/Pixel Art Top Down - Basic v1.2.3/Texture/TilesPersonalizados
  artifactKey: Guid(ef8c8b3db84aec84993eb3110305ba91) Importer(815301076,1909f56bfc062723c751e8b465ee728b)
Start importing Assets/TilesDescargados/Pixel Art Top Down - Basic v1.2.3/Texture/TilesPersonalizados using Guid(ef8c8b3db84aec84993eb3110305ba91) Importer(815301076,1909f56bfc062723c751e8b465ee728b) [PhysX] Initialized MultithreadedTaskDispatcher with 16 workers.
 -> (artifact id: '6819a2a50bef138e8ffa9c97e4f5abe8') in 0.001260 seconds
Number of updated asset objects reloaded before import = 0
Number of asset objects unloaded after import = 0
